[{"line":1,"elements":[{"start_timestamp":"2023-03-24T01:25:10.647Z","line":2,"name":"Validate User can signup with Demoblaze application","description":"","id":"testing-happy-path-testing-for-demoblaze-app;validate-user-can-signup-with-demoblaze-application","type":"scenario","keyword":"Scenario","steps":[{"result":{"error_message":"io.cucumber.core.exception.CucumberException: Failed to instantiate class stepDefinitions.SignUp_Steps\n\tat io.cucumber.core.backend.DefaultObjectFactory.cacheNewInstance(DefaultObjectFactory.java:67)\n\tat io.cucumber.core.backend.DefaultObjectFactory.getInstance(DefaultObjectFactory.java:45)\n\tat io.cucumber.java.AbstractGlueDefinition.invokeMethod(AbstractGlueDefinition.java:47)\n\tat io.cucumber.java.JavaStepDefinition.execute(JavaStepDefinition.java:29)\n\tat io.cucumber.core.runner.CoreStepDefinition.execute(CoreStepDefinition.java:66)\n\tat io.cucumber.core.runner.PickleStepDefinitionMatch.runStep(PickleStepDefinitionMatch.java:63)\n\tat io.cucumber.core.runner.ExecutionMode$1.execute(ExecutionMode.java:10)\n\tat io.cucumber.core.runner.TestStep.executeStep(TestStep.java:85)\n\tat io.cucumber.core.runner.TestStep.run(TestStep.java:57)\n\tat io.cucumber.core.runner.PickleStepTestStep.run(PickleStepTestStep.java:51)\n\tat io.cucumber.core.runner.TestCase.run(TestCase.java:84)\n\tat io.cucumber.core.runner.Runner.runPickle(Runner.java:75)\n\tat io.cucumber.junit.PickleRunners$NoStepDescriptions.lambda$run$0(PickleRunners.java:151)\n\tat io.cucumber.core.runtime.CucumberExecutionContext.lambda$runTestCase$5(CucumberExecutionContext.java:129)\n\tat io.cucumber.core.runtime.RethrowingThrowableCollector.executeAndThrow(RethrowingThrowableCollector.java:23)\n\tat io.cucumber.core.runtime.CucumberExecutionContext.runTestCase(CucumberExecutionContext.java:129)\n\tat io.cucumber.junit.PickleRunners$NoStepDescriptions.run(PickleRunners.java:148)\n\tat io.cucumber.junit.FeatureRunner.runChild(FeatureRunner.java:144)\n\tat io.cucumber.junit.FeatureRunner.runChild(FeatureRunner.java:28)\n\tat org.junit.runners.ParentRunner$4.run(ParentRunner.java:331)\n\tat org.junit.runners.ParentRunner$1.schedule(ParentRunner.java:79)\n\tat org.junit.runners.ParentRunner.runChildren(ParentRunner.java:329)\n\tat org.junit.runners.ParentRunner.access$100(ParentRunner.java:66)\n\tat org.junit.runners.ParentRunner$2.evaluate(ParentRunner.java:293)\n\tat org.junit.runners.ParentRunner$3.evaluate(ParentRunner.java:306)\n\tat org.junit.runners.ParentRunner.run(ParentRunner.java:413)\n\tat io.cucumber.junit.FeatureRunner.run(FeatureRunner.java:137)\n\tat io.cucumber.junit.Cucumber.runChild(Cucumber.java:196)\n\tat io.cucumber.junit.Cucumber.runChild(Cucumber.java:89)\n\tat org.junit.runners.ParentRunner$4.run(ParentRunner.java:331)\n\tat org.junit.runners.ParentRunner$1.schedule(ParentRunner.java:79)\n\tat org.junit.runners.ParentRunner.runChildren(ParentRunner.java:329)\n\tat org.junit.runners.ParentRunner.access$100(ParentRunner.java:66)\n\tat org.junit.runners.ParentRunner$2.evaluate(ParentRunner.java:293)\n\tat io.cucumber.junit.Cucumber$RunBeforeAllHooks.evaluate(Cucumber.java:266)\n\tat io.cucumber.junit.Cucumber$RunAfterAllHooks.evaluate(Cucumber.java:281)\n\tat io.cucumber.junit.Cucumber$StartTestRun.evaluate(Cucumber.java:233)\n\tat io.cucumber.junit.Cucumber$FinishTestRun.evaluate(Cucumber.java:248)\n\tat org.junit.runners.ParentRunner$3.evaluate(ParentRunner.java:306)\n\tat org.junit.runners.ParentRunner.run(ParentRunner.java:413)\n\tat org.junit.runner.JUnitCore.run(JUnitCore.java:137)\n\tat com.intellij.junit4.JUnit4IdeaTestRunner.startRunnerWithArgs(JUnit4IdeaTestRunner.java:69)\n\tat com.intellij.rt.junit.IdeaTestRunner$Repeater$1.execute(IdeaTestRunner.java:38)\n\tat com.intellij.rt.execution.junit.TestsRepeater.repeat(TestsRepeater.java:11)\n\tat com.intellij.rt.junit.IdeaTestRunner$Repeater.startRunnerWithArgs(IdeaTestRunner.java:35)\n\tat com.intellij.rt.junit.JUnitStarter.prepareStreamsAndStart(JUnitStarter.java:235)\n\tat com.intellij.rt.junit.JUnitStarter.main(JUnitStarter.java:54)\nCaused by: java.lang.reflect.InvocationTargetException\n\tat java.base/jdk.internal.reflect.NativeConstructorAccessorImpl.newInstance0(Native Method)\n\tat java.base/jdk.internal.reflect.NativeConstructorAccessorImpl.newInstance(NativeConstructorAccessorImpl.java:77)\n\tat java.base/jdk.internal.reflect.DelegatingConstructorAccessorImpl.newInstance(DelegatingConstructorAccessorImpl.java:45)\n\tat java.base/java.lang.reflect.Constructor.newInstanceWithCaller(Constructor.java:499)\n\tat java.base/java.lang.reflect.Constructor.newInstance(Constructor.java:480)\n\tat io.cucumber.core.backend.DefaultObjectFactory.cacheNewInstance(DefaultObjectFactory.java:53)\n\t... 46 more\nCaused by: java.lang.IllegalArgumentException: Input must be set\n\tat org.openqa.selenium.internal.Require.nonNull(Require.java:59)\n\tat org.openqa.selenium.support.ui.FluentWait.<init>(FluentWait.java:97)\n\tat org.openqa.selenium.support.ui.WebDriverWait.<init>(WebDriverWait.java:77)\n\tat org.openqa.selenium.support.ui.WebDriverWait.<init>(WebDriverWait.java:46)\n\tat stepDefinitions.SignUp_Steps.<init>(SignUp_Steps.java:13)\n\t... 52 more\n","duration":7170000,"status":"failed"},"line":3,"name":"I click on Signup on the page","match":{"location":"stepDefinitions.SignUp_Steps.i_click_on_signup_page()"},"keyword":"Given "},{"result":{"duration":164000,"status":"skipped"},"line":4,"name":"I enter username","match":{"location":"stepDefinitions.SignUp_Steps.i_enter_username()"},"keyword":"And "},{"result":{"duration":187000,"status":"skipped"},"line":5,"name":"I enter password","match":{"location":"stepDefinitions.SignUp_Steps.i_enter_password()"},"keyword":"And "},{"result":{"duration":117000,"status":"skipped"},"line":6,"name":"I click Sign up button","match":{"location":"stepDefinitions.SignUp_Steps.i_click_sign_up_button()"},"keyword":"And "},{"result":{"duration":157000,"status":"skipped"},"line":7,"name":"I should received a \"Sign up successful.\" popup message","match":{"arguments":[{"val":"\"Sign up successful.\"","offset":20}],"location":"stepDefinitions.SignUp_Steps.i_should_received_a_sign_up_successful_popup_message(java.lang.String)"},"keyword":"Then "}]},{"start_timestamp":"2023-03-24T01:25:10.700Z","line":9,"name":"Validate User can place successful order with Demoblaze application","description":"","id":"testing-happy-path-testing-for-demoblaze-app;validate-user-can-place-successful-order-with-demoblaze-application","type":"scenario","keyword":"Scenario","steps":[{"result":{"error_message":"io.cucumber.core.exception.CucumberException: Failed to instantiate class stepDefinitions.PurchaseAProduct_Steps\n\tat io.cucumber.core.backend.DefaultObjectFactory.cacheNewInstance(DefaultObjectFactory.java:67)\n\tat io.cucumber.core.backend.DefaultObjectFactory.getInstance(DefaultObjectFactory.java:45)\n\tat io.cucumber.java.AbstractGlueDefinition.invokeMethod(AbstractGlueDefinition.java:47)\n\tat io.cucumber.java.JavaStepDefinition.execute(JavaStepDefinition.java:29)\n\tat io.cucumber.core.runner.CoreStepDefinition.execute(CoreStepDefinition.java:66)\n\tat io.cucumber.core.runner.PickleStepDefinitionMatch.runStep(PickleStepDefinitionMatch.java:63)\n\tat io.cucumber.core.runner.ExecutionMode$1.execute(ExecutionMode.java:10)\n\tat io.cucumber.core.runner.TestStep.executeStep(TestStep.java:85)\n\tat io.cucumber.core.runner.TestStep.run(TestStep.java:57)\n\tat io.cucumber.core.runner.PickleStepTestStep.run(PickleStepTestStep.java:51)\n\tat io.cucumber.core.runner.TestCase.run(TestCase.java:84)\n\tat io.cucumber.core.runner.Runner.runPickle(Runner.java:75)\n\tat io.cucumber.junit.PickleRunners$NoStepDescriptions.lambda$run$0(PickleRunners.java:151)\n\tat io.cucumber.core.runtime.CucumberExecutionContext.lambda$runTestCase$5(CucumberExecutionContext.java:129)\n\tat io.cucumber.core.runtime.RethrowingThrowableCollector.executeAndThrow(RethrowingThrowableCollector.java:23)\n\tat io.cucumber.core.runtime.CucumberExecutionContext.runTestCase(CucumberExecutionContext.java:129)\n\tat io.cucumber.junit.PickleRunners$NoStepDescriptions.run(PickleRunners.java:148)\n\tat io.cucumber.junit.FeatureRunner.runChild(FeatureRunner.java:144)\n\tat io.cucumber.junit.FeatureRunner.runChild(FeatureRunner.java:28)\n\tat org.junit.runners.ParentRunner$4.run(ParentRunner.java:331)\n\tat org.junit.runners.ParentRunner$1.schedule(ParentRunner.java:79)\n\tat org.junit.runners.ParentRunner.runChildren(ParentRunner.java:329)\n\tat org.junit.runners.ParentRunner.access$100(ParentRunner.java:66)\n\tat org.junit.runners.ParentRunner$2.evaluate(ParentRunner.java:293)\n\tat org.junit.runners.ParentRunner$3.evaluate(ParentRunner.java:306)\n\tat org.junit.runners.ParentRunner.run(ParentRunner.java:413)\n\tat io.cucumber.junit.FeatureRunner.run(FeatureRunner.java:137)\n\tat io.cucumber.junit.Cucumber.runChild(Cucumber.java:196)\n\tat io.cucumber.junit.Cucumber.runChild(Cucumber.java:89)\n\tat org.junit.runners.ParentRunner$4.run(ParentRunner.java:331)\n\tat org.junit.runners.ParentRunner$1.schedule(ParentRunner.java:79)\n\tat org.junit.runners.ParentRunner.runChildren(ParentRunner.java:329)\n\tat org.junit.runners.ParentRunner.access$100(ParentRunner.java:66)\n\tat org.junit.runners.ParentRunner$2.evaluate(ParentRunner.java:293)\n\tat io.cucumber.junit.Cucumber$RunBeforeAllHooks.evaluate(Cucumber.java:266)\n\tat io.cucumber.junit.Cucumber$RunAfterAllHooks.evaluate(Cucumber.java:281)\n\tat io.cucumber.junit.Cucumber$StartTestRun.evaluate(Cucumber.java:233)\n\tat io.cucumber.junit.Cucumber$FinishTestRun.evaluate(Cucumber.java:248)\n\tat org.junit.runners.ParentRunner$3.evaluate(ParentRunner.java:306)\n\tat org.junit.runners.ParentRunner.run(ParentRunner.java:413)\n\tat org.junit.runner.JUnitCore.run(JUnitCore.java:137)\n\tat com.intellij.junit4.JUnit4IdeaTestRunner.startRunnerWithArgs(JUnit4IdeaTestRunner.java:69)\n\tat com.intellij.rt.junit.IdeaTestRunner$Repeater$1.execute(IdeaTestRunner.java:38)\n\tat com.intellij.rt.execution.junit.TestsRepeater.repeat(TestsRepeater.java:11)\n\tat com.intellij.rt.junit.IdeaTestRunner$Repeater.startRunnerWithArgs(IdeaTestRunner.java:35)\n\tat com.intellij.rt.junit.JUnitStarter.prepareStreamsAndStart(JUnitStarter.java:235)\n\tat com.intellij.rt.junit.JUnitStarter.main(JUnitStarter.java:54)\nCaused by: java.lang.reflect.InvocationTargetException\n\tat java.base/jdk.internal.reflect.NativeConstructorAccessorImpl.newInstance0(Native Method)\n\tat java.base/jdk.internal.reflect.NativeConstructorAccessorImpl.newInstance(NativeConstructorAccessorImpl.java:77)\n\tat java.base/jdk.internal.reflect.DelegatingConstructorAccessorImpl.newInstance(DelegatingConstructorAccessorImpl.java:45)\n\tat java.base/java.lang.reflect.Constructor.newInstanceWithCaller(Constructor.java:499)\n\tat java.base/java.lang.reflect.Constructor.newInstance(Constructor.java:480)\n\tat io.cucumber.core.backend.DefaultObjectFactory.cacheNewInstance(DefaultObjectFactory.java:53)\n\t... 46 more\nCaused by: java.lang.IllegalArgumentException: Input must be set\n\tat org.openqa.selenium.internal.Require.nonNull(Require.java:59)\n\tat org.openqa.selenium.support.ui.FluentWait.<init>(FluentWait.java:97)\n\tat org.openqa.selenium.support.ui.WebDriverWait.<init>(WebDriverWait.java:77)\n\tat org.openqa.selenium.support.ui.WebDriverWait.<init>(WebDriverWait.java:46)\n\tat stepDefinitions.PurchaseAProduct_Steps.<init>(PurchaseAProduct_Steps.java:15)\n\t... 52 more\n","duration":436000,"status":"failed"},"line":10,"name":"I can login successfully into the application","match":{"location":"stepDefinitions.PurchaseAProduct_Steps.i_can_login_successfully_into_the_application()"},"keyword":"Given "},{"result":{"duration":225000,"status":"skipped"},"line":11,"name":"I select the product from Product Store page","match":{"location":"stepDefinitions.PurchaseAProduct_Steps.i_select_the_product_from_product_store_page()"},"keyword":"When "},{"result":{"duration":148000,"status":"skipped"},"line":12,"name":"I click Add to cart button","match":{"location":"stepDefinitions.PurchaseAProduct_Steps.i_click_add_to_cart_button()"},"keyword":"And "},{"result":{"duration":152000,"status":"skipped"},"line":13,"name":"I should received Product added popup message","match":{"location":"stepDefinitions.PurchaseAProduct_Steps.i_should_received_product_added_popup_message()"},"keyword":"Then "},{"result":{"duration":141000,"status":"skipped"},"line":14,"name":"I click Cart button from the navbar menu","match":{"location":"stepDefinitions.PurchaseAProduct_Steps.i_click_cart_button_from_the_navbar_menu()"},"keyword":"When "},{"result":{"duration":140000,"status":"skipped"},"line":15,"name":"I click Place Order","match":{"location":"stepDefinitions.PurchaseAProduct_Steps.i_click_place_order()"},"keyword":"And "},{"result":{"duration":137000,"status":"skipped"},"line":16,"name":"I enter name as \"Pranjal\"","match":{"arguments":[{"val":"\"Pranjal\"","offset":16}],"location":"stepDefinitions.PurchaseAProduct_Steps.i_enter_name_as(java.lang.String)"},"keyword":"And "},{"result":{"duration":87000,"status":"skipped"},"line":17,"name":"I enter country as \"Mexico\"","match":{"arguments":[{"val":"\"Mexico\"","offset":19}],"location":"stepDefinitions.PurchaseAProduct_Steps.i_enter_country_as(java.lang.String)"},"keyword":"And "},{"result":{"duration":84000,"status":"skipped"},"line":18,"name":"I enter city as \"Huixquilucan\"","match":{"arguments":[{"val":"\"Huixquilucan\"","offset":16}],"location":"stepDefinitions.PurchaseAProduct_Steps.i_enter_city_as(java.lang.String)"},"keyword":"And "},{"result":{"duration":88000,"status":"skipped"},"line":19,"name":"I enter credit card as \"4747474747474747\"","match":{"arguments":[{"val":"\"4747474747474747\"","offset":23}],"location":"stepDefinitions.PurchaseAProduct_Steps.i_enter_credit_card_as(java.lang.String)"},"keyword":"And "},{"result":{"duration":566000,"status":"skipped"},"line":20,"name":"I enter month as \"1\"","match":{"arguments":[{"val":"\"1\"","offset":17}],"location":"stepDefinitions.PurchaseAProduct_Steps.i_enter_month_as(java.lang.String)"},"keyword":"And "},{"result":{"duration":115000,"status":"skipped"},"line":21,"name":"I enter year as \"2023\"","match":{"arguments":[{"val":"\"2023\"","offset":16}],"location":"stepDefinitions.PurchaseAProduct_Steps.i_enter_year_as(java.lang.String)"},"keyword":"And "},{"result":{"duration":83000,"status":"skipped"},"line":22,"name":"I click Purchase button","match":{"location":"stepDefinitions.PurchaseAProduct_Steps.i_click_purchase_button()"},"keyword":"And "},{"result":{"duration":87000,"status":"skipped"},"line":23,"name":"I should see \"Thank you for your purchase!\" popup message","match":{"arguments":[{"val":"\"Thank you for your purchase!\"","offset":13}],"location":"stepDefinitions.PurchaseAProduct_Steps.i_should_popup_message(java.lang.String)"},"keyword":"Then "},{"result":{"duration":76000,"status":"skipped"},"line":24,"name":"I click Ok button","match":{"location":"stepDefinitions.PurchaseAProduct_Steps.i_click_ok_button()"},"keyword":"When "},{"result":{"duration":172000,"status":"skipped"},"line":25,"name":"I should be redirected to Product Page","match":{"location":"stepDefinitions.PurchaseAProduct_Steps.i_should_be_redirected_to_product_page()"},"keyword":"Then "}]}],"name":"Testing Happy Path testing for Demoblaze app","description":"","id":"testing-happy-path-testing-for-demoblaze-app","keyword":"Feature","uri":"file:src/test/resources/features/HappyPathE2E.feature","tags":[]}]